[+] Containers:
 |- [+] Container: /Game/ThirdPerson/Maps/ThirdPersonMap
 |   |- [+] ActorDescs:
 |   |   |- Guid:15D3BC7249A7C3F6757A42A64864BBE0 BaseClass: NativeClass:/Script/Engine.StaticMeshActor Name:StaticMeshActor_UAID_644ED7062270292402_1767600763 Label:Cylinder13 SpatiallyLoaded:1 Bounds:IsValid=true, Min=(X=1209.500 Y=2605.500 Z=195.500), Max=(X=1784.500 Y=2630.500 Z=220.500) RuntimeGrid:None EditorOnly:0 RuntimeOnly:0 HLODRelevant:1 ListedInSceneOutliner:1 IsMainWorldOnly:0
 |   |   |- Guid:2FB58999456391D349DC0F86DAC136ED BaseClass: NativeClass:/Script/Engine.SkyLight Name:SkyLight_1 Label:SkyLight SpatiallyLoaded:0 Bounds:IsValid=true, Min=(X=0.000 Y=0.000 Z=690.000), Max=(X=0.000 Y=0.000 Z=690.000) RuntimeGrid:None EditorOnly:0 RuntimeOnly:0 HLODRelevant:0 ListedInSceneOutliner:1 IsMainWorldOnly:0 FolderPath:Lighting FolderGuid:963EC3EB4002CCE9759E2EBA541A873A
 |   |   |- Guid:316CF2A6494ACA4C0E4180A87D36AB8F BaseClass: NativeClass:/Script/Engine.ExponentialHeightFog Name:ExponentialHeightFog_0 Label:ExponentialHeightFog SpatiallyLoaded:0 Bounds:IsValid=true, Min=(X=-5600.000 Y=-50.000 Z=-6850.000), Max=(X=-5600.000 Y=-50.000 Z=-6850.000) RuntimeGrid:None EditorOnly:0 RuntimeOnly:0 HLODRelevant:0 ListedInSceneOutliner:1 IsMainWorldOnly:0 FolderPath:Lighting FolderGuid:963EC3EB4002CCE9759E2EBA541A873A
 |   |   |- Guid:35538CC14DEA211721CE8C8A49A3CC17 BaseClass: NativeClass:/Script/Engine.Actor Name:Actor_UAID_644ED7062270292402_2098529769 Label:Actor2 SpatiallyLoaded:1 Bounds:IsValid=true, Min=(X=2779.000 Y=1176.000 Z=137.000), Max=(X=2779.000 Y=2660.375 Z=400.250) RuntimeGrid:None EditorOnly:0 RuntimeOnly:0 HLODRelevant:0 ListedInSceneOutliner:1 IsMainWorldOnly:0
 |   |   |- Guid:3A00AA1C422CE54C0BDB60BAF471BFBB BaseClass: NativeClass:/Script/Engine.PlayerStart Name:PlayerStart_0 Label:PlayerStart SpatiallyLoaded:0 Bounds:IsValid=true, Min=(X=860.000 Y=1070.000 Z=0.013), Max=(X=940.000 Y=1150.000 Z=184.013) RuntimeGrid:None EditorOnly:0 RuntimeOnly:0 HLODRelevant:0 ListedInSceneOutliner:1 IsMainWorldOnly:0
 |   |   |- Guid:3CC28FDB49EF311019870BA447A08236 BaseClass: NativeClass:/Script/Engine.TriggerBox Name:TriggerBox_UAID_644ED70622701A2402_1669761093 Label:TriggerBox SpatiallyLoaded:1 Bounds:IsValid=true, Min=(X=1234.500 Y=2617.000 Z=-3.000), Max=(X=1759.500 Y=2621.000 Z=197.000) RuntimeGrid:None EditorOnly:0 RuntimeOnly:0 HLODRelevant:0 ListedInSceneOutliner:1 IsMainWorldOnly:0
 |   |   |- Guid:413CB9DF448F34F0BF2ADFB14E63AFCD BaseClass: NativeClass:/Script/Engine.StaticMeshActor Name:StaticMeshActor_UAID_644ED7062270292402_1767597760 Label:Cylinder10 SpatiallyLoaded:1 Bounds:IsValid=true, Min=(X=1209.500 Y=2605.500 Z=195.500), Max=(X=1784.500 Y=2630.500 Z=220.500) RuntimeGrid:None EditorOnly:0 RuntimeOnly:0 HLODRelevant:1 ListedInSceneOutliner:1 IsMainWorldOnly:0
 |   |   |- Guid:43815E84492231AFC407F59E3C28176B BaseClass: NativeClass:/Script/Engine.StaticMeshActor Name:StaticMeshActor_4 Label:SM_Cube6 SpatiallyLoaded:1 Bounds:IsValid=true, Min=(X=2900.000 Y=100.000 Z=0.000), Max=(X=3000.000 Y=3400.000 Z=400.000) RuntimeGrid:None EditorOnly:0 RuntimeOnly:0 HLODRelevant:1 ListedInSceneOutliner:1 IsMainWorldOnly:0 FolderPath:Playground FolderGuid:C73F09FC4215536B1DCE2A9E0A830C70
 |   |   |- Guid:47837E8C44A436D7DEBA0D9F504EDE2F BaseClass:/Game/Footballer/BP_Ball.BP_Ball_C NativeClass:/Script/Engine.Actor Name:BP_Ball_C_UAID_644ED70622708B2302_2059571921 Label:BP_Ball SpatiallyLoaded:1 Bounds:IsValid=true, Min=(X=937.500 Y=1487.500 Z=67.500), Max=(X=962.500 Y=1512.500 Z=92.500) RuntimeGrid:None EditorOnly:0 RuntimeOnly:0 HLODRelevant:0 ListedInSceneOutliner:1 IsMainWorldOnly:0
 |   |   |- Guid:4D3BE93F4146AAAC8BBE79999D96D57F BaseClass: NativeClass:/Script/Engine.VolumetricCloud Name:VolumetricCloud_0 Label:VolumetricCloud SpatiallyLoaded:0 Bounds:IsValid=true, Min=(X=0.000 Y=0.000 Z=820.000), Max=(X=0.000 Y=0.000 Z=820.000) RuntimeGrid:None EditorOnly:0 RuntimeOnly:0 HLODRelevant:0 ListedInSceneOutliner:1 IsMainWorldOnly:0 FolderPath:Lighting FolderGuid:963EC3EB4002CCE9759E2EBA541A873A
 |   |   |- Guid:53F9AFBA48D943F41CB96F8A0AC49EA2 BaseClass: NativeClass:/Script/Engine.StaticMeshActor Name:StaticMeshActor_UAID_644ED7062270292402_1767604768 Label:Cube4 SpatiallyLoaded:1 Bounds:IsValid=true, Min=(X=1209.500 Y=2762.875 Z=15.375), Max=(X=1784.500 Y=2769.125 Z=146.625) RuntimeGrid:None EditorOnly:0 RuntimeOnly:0 HLODRelevant:1 ListedInSceneOutliner:1 IsMainWorldOnly:0
 |   |   |- Guid:5B97F4A64FB21F77EFC44386BF705B4C BaseClass: NativeClass:/Script/Engine.TextRenderActor Name:TextRenderActor_1 Label:TextRenderActor SpatiallyLoaded:1 Bounds:IsValid=true, Min=(X=-0.100 Y=1100.000 Z=65.013), Max=(X=-0.100 Y=2392.308 Z=215.013) RuntimeGrid:None EditorOnly:0 RuntimeOnly:0 HLODRelevant:0 ListedInSceneOutliner:1 IsMainWorldOnly:0
 |   |   |- Guid:60B510CB417D7C47D77F11AA44687F7A BaseClass: NativeClass:/Script/Engine.StaticMeshActor Name:StaticMeshActor_UAID_644ED7062270292402_1658096752 Label:Cylinder5 SpatiallyLoaded:1 Bounds:IsValid=true, Min=(X=1209.500 Y=921.500 Z=195.500), Max=(X=1784.500 Y=946.500 Z=220.500) RuntimeGrid:None EditorOnly:0 RuntimeOnly:0 HLODRelevant:1 ListedInSceneOutliner:1 IsMainWorldOnly:0
 |   |   |- Guid:66603B154A4B0A66B739A09F56001EE9 BaseClass: NativeClass:/Script/Engine.StaticMeshActor Name:StaticMeshActor_UAID_644ED7062270292402_1767594759 Label:Cylinder9 SpatiallyLoaded:1 Bounds:IsValid=true, Min=(X=1761.500 Y=2605.500 Z=-3.000), Max=(X=1786.500 Y=2630.500 Z=197.000) RuntimeGrid:None EditorOnly:0 RuntimeOnly:0 HLODRelevant:1 ListedInSceneOutliner:1 IsMainWorldOnly:0
 |   |   |- Guid:6BAF4DDD444C60371492D3919DB42C97 BaseClass: NativeClass:/Script/Engine.WorldDataLayers Name:WorldDataLayers Label:WorldDataLayers SpatiallyLoaded:0 Bounds:IsValid=true, Min=(X=0.000 Y=0.000 Z=0.000), Max=(X=0.000 Y=0.000 Z=0.000) RuntimeGrid:None EditorOnly:0 RuntimeOnly:0 HLODRelevant:0 ListedInSceneOutliner:1 IsMainWorldOnly:1
 |   |   |- Guid:784489784531602F4DD319B6C5FB4474 BaseClass: NativeClass:/Script/Engine.StaticMeshActor Name:StaticMeshActor_UAID_644ED7062270292402_1599759747 Label:Cylinder2 SpatiallyLoaded:1 Bounds:IsValid=true, Min=(X=1209.500 Y=921.500 Z=195.500), Max=(X=1784.500 Y=946.500 Z=220.500) RuntimeGrid:None EditorOnly:0 RuntimeOnly:0 HLODRelevant:1 ListedInSceneOutliner:1 IsMainWorldOnly:0
 |   |   |- Guid:7952CACC4D2F1EA70DCC0F9D45189520 BaseClass: NativeClass:/Script/Engine.StaticMeshActor Name:StaticMeshActor_UAID_644ED7062270292402_1767603767 Label:Cube3 SpatiallyLoaded:1 Bounds:IsValid=true, Min=(X=1209.500 Y=2625.264 Z=161.618), Max=(X=1784.500 Y=2750.736 Z=212.382) RuntimeGrid:None EditorOnly:0 RuntimeOnly:0 HLODRelevant:1 ListedInSceneOutliner:1 IsMainWorldOnly:0
 |   |   |- Guid:7B198B4D40F41182EF97D78BE34B57F9 BaseClass: NativeClass:/Script/Engine.StaticMeshActor Name:StaticMeshActor_UAID_644ED7062270292402_1767598761 Label:Cylinder11 SpatiallyLoaded:1 Bounds:IsValid=true, Min=(X=1204.500 Y=2605.500 Z=-3.000), Max=(X=1229.500 Y=2630.500 Z=197.000) RuntimeGrid:None EditorOnly:0 RuntimeOnly:0 HLODRelevant:1 ListedInSceneOutliner:1 IsMainWorldOnly:0
 |   |   |- Guid:8A9EDD1045D3E18BE2A7568D76414071 BaseClass: NativeClass:/Script/Engine.StaticMeshActor Name:StaticMeshActor_UAID_644ED7062270292402_1666735753 Label:Cylinder6 SpatiallyLoaded:1 Bounds:IsValid=true, Min=(X=1764.500 Y=787.500 Z=-49.000), Max=(X=1789.500 Y=812.500 Z=151.000) RuntimeGrid:None EditorOnly:0 RuntimeOnly:0 HLODRelevant:1 ListedInSceneOutliner:1 IsMainWorldOnly:0
 |   |   |- Guid:9BFF363746062F457E2F92A4631DBA20 BaseClass: NativeClass:/Script/Engine.StaticMeshActor Name:StaticMeshActor_11 Label:SM_ChamferCube3 SpatiallyLoaded:1 Bounds:IsValid=true, Min=(X=481.699 Y=2271.699 Z=0.013), Max=(X=618.301 Y=2408.301 Z=100.013) RuntimeGrid:None EditorOnly:0 RuntimeOnly:0 HLODRelevant:0 ListedInSceneOutliner:1 IsMainWorldOnly:0
 |   |   |- Guid:A422DD354AA0FFF61EE8F9BD6E1F6126 BaseClass: NativeClass:/Script/Engine.TriggerBox Name:TriggerBox_UAID_644ED70622701A2402_1708380094 Label:TriggerBox2 SpatiallyLoaded:1 Bounds:IsValid=true, Min=(X=1234.500 Y=935.000 Z=-3.000), Max=(X=1759.500 Y=939.000 Z=197.000) RuntimeGrid:None EditorOnly:0 RuntimeOnly:0 HLODRelevant:0 ListedInSceneOutliner:1 IsMainWorldOnly:0
 |   |   |- Guid:A56216954B2165CF0F35A886B537D536 BaseClass: NativeClass:/Script/Engine.StaticMeshActor Name:StaticMeshActor_0 Label:SM_Cube5 SpatiallyLoaded:1 Bounds:IsValid=true, Min=(X=-0.000 Y=100.000 Z=0.000), Max=(X=100.000 Y=3400.000 Z=400.000) RuntimeGrid:None EditorOnly:0 RuntimeOnly:0 HLODRelevant:1 ListedInSceneOutliner:1 IsMainWorldOnly:0 FolderPath:Playground FolderGuid:C73F09FC4215536B1DCE2A9E0A830C70
 |   |   |- Guid:AC1904E14830BC7F113EACB98B3A5B1F BaseClass: NativeClass:/Script/Engine.StaticMeshActor Name:StaticMeshActor_UAID_644ED7062270292402_1658094751 Label:Cylinder4 SpatiallyLoaded:1 Bounds:IsValid=true, Min=(X=1207.500 Y=921.500 Z=-3.000), Max=(X=1232.500 Y=946.500 Z=197.000) RuntimeGrid:None EditorOnly:0 RuntimeOnly:0 HLODRelevant:1 ListedInSceneOutliner:1 IsMainWorldOnly:0
 |   |   |- Guid:B6C72C324DA52C913CD3D0A5D57A228E BaseClass: NativeClass:/Script/Engine.StaticMeshActor Name:StaticMeshActor_UAID_644ED7062270292402_1666738755 Label:Cylinder8 SpatiallyLoaded:1 Bounds:IsValid=true, Min=(X=1209.500 Y=787.500 Z=149.500), Max=(X=1784.500 Y=812.500 Z=174.500) RuntimeGrid:None EditorOnly:0 RuntimeOnly:0 HLODRelevant:1 ListedInSceneOutliner:1 IsMainWorldOnly:0
 |   |   |- Guid:B785ED2844B84CFB91E7F39FE661CD99 BaseClass: NativeClass:/Script/Engine.DirectionalLight Name:DirectionalLight_0 Label:DirectionalLight SpatiallyLoaded:0 Bounds:IsValid=true, Min=(X=-1048576.000 Y=-1048576.000 Z=-1048576.000), Max=(X=1048576.000 Y=1048576.000 Z=1048576.000) RuntimeGrid:None EditorOnly:0 RuntimeOnly:0 HLODRelevant:0 ListedInSceneOutliner:1 IsMainWorldOnly:0 FolderPath:Lighting FolderGuid:963EC3EB4002CCE9759E2EBA541A873A
 |   |   |- Guid:BC08B79C4EA3C961CFF75EBBE83B367D BaseClass: NativeClass:/Script/Engine.StaticMeshActor Name:StaticMeshActor_5 Label:SM_Cube2 SpatiallyLoaded:1 Bounds:IsValid=true, Min=(X=0.000 Y=0.000 Z=0.000), Max=(X=3000.000 Y=100.000 Z=400.000) RuntimeGrid:None EditorOnly:0 RuntimeOnly:0 HLODRelevant:1 ListedInSceneOutliner:1 IsMainWorldOnly:0 FolderPath:Playground FolderGuid:C73F09FC4215536B1DCE2A9E0A830C70
 |   |   |- Guid:C011BE5E4615D9E813440C9D578924CB BaseClass: NativeClass:/Script/Engine.StaticMeshActor Name:StaticMeshActor_UAID_644ED7062270292402_1767601764 Label:Cylinder14 SpatiallyLoaded:1 Bounds:IsValid=true, Min=(X=1204.500 Y=2739.500 Z=-49.000), Max=(X=1229.500 Y=2764.500 Z=151.000) RuntimeGrid:None EditorOnly:0 RuntimeOnly:0 HLODRelevant:1 ListedInSceneOutliner:1 IsMainWorldOnly:0
 |   |   |- Guid:C09848914C619F0896DFF89B02369F89 BaseClass: NativeClass:/Script/Engine.StaticMeshActor Name:StaticMeshActor_UAID_644ED7062270292402_1767599762 Label:Cylinder12 SpatiallyLoaded:1 Bounds:IsValid=true, Min=(X=1761.500 Y=2605.500 Z=-3.000), Max=(X=1786.500 Y=2630.500 Z=197.000) RuntimeGrid:None EditorOnly:0 RuntimeOnly:0 HLODRelevant:1 ListedInSceneOutliner:1 IsMainWorldOnly:0
 |   |   |- Guid:CCFF262C46EEFFDF319E7F9539CE697E BaseClass: NativeClass:/Script/Engine.SkyAtmosphere Name:SkyAtmosphere_0 Label:SkyAtmosphere SpatiallyLoaded:0 Bounds:IsValid=true, Min=(X=0.000 Y=0.000 Z=1020.000), Max=(X=0.000 Y=0.000 Z=1020.000) RuntimeGrid:None EditorOnly:0 RuntimeOnly:0 HLODRelevant:0 ListedInSceneOutliner:1 IsMainWorldOnly:0 FolderPath:Lighting FolderGuid:963EC3EB4002CCE9759E2EBA541A873A
 |   |   |- Guid:D0B822BC43D6258C9C968393C99B63C9 BaseClass: NativeClass:/Script/Engine.StaticMeshActor Name:StaticMeshActor_UAID_644ED7062270292402_1691501757 Label:Cube SpatiallyLoaded:1 Bounds:IsValid=true, Min=(X=1209.500 Y=801.264 Z=161.618), Max=(X=1784.500 Y=926.736 Z=212.382) RuntimeGrid:None EditorOnly:0 RuntimeOnly:0 HLODRelevant:1 ListedInSceneOutliner:1 IsMainWorldOnly:0
 |   |   |- Guid:E2C7BC9F420C6CDB9F4250BE0DAF16F2 BaseClass: NativeClass:/Script/Engine.StaticMeshActor Name:StaticMeshActor_UAID_644ED7062270292402_1666737754 Label:Cylinder7 SpatiallyLoaded:1 Bounds:IsValid=true, Min=(X=1207.500 Y=787.500 Z=-49.000), Max=(X=1232.500 Y=812.500 Z=151.000) RuntimeGrid:None EditorOnly:0 RuntimeOnly:0 HLODRelevant:1 ListedInSceneOutliner:1 IsMainWorldOnly:0
 |   |   |- Guid:E4F1F85F49977CEEE8DC78BC5710608F BaseClass: NativeClass:/Script/Engine.StaticMeshActor Name:StaticMeshActor_UAID_644ED7062270292402_1767601765 Label:Cylinder15 SpatiallyLoaded:1 Bounds:IsValid=true, Min=(X=1761.500 Y=2739.500 Z=-49.000), Max=(X=1786.500 Y=2764.500 Z=151.000) RuntimeGrid:None EditorOnly:0 RuntimeOnly:0 HLODRelevant:1 ListedInSceneOutliner:1 IsMainWorldOnly:0
 |   |   |- Guid:E73B1ABE4691BC947936479E2E0E5B74 BaseClass: NativeClass:/Script/Engine.StaticMeshActor Name:StaticMeshActor_UAID_644ED7062270292402_1547688745 Label:Cylinder SpatiallyLoaded:1 Bounds:IsValid=true, Min=(X=1207.500 Y=921.500 Z=-3.000), Max=(X=1232.500 Y=946.500 Z=197.000) RuntimeGrid:None EditorOnly:0 RuntimeOnly:0 HLODRelevant:1 ListedInSceneOutliner:1 IsMainWorldOnly:0
 |   |   |- Guid:E887CE50482017069C512B8FC05937A6 BaseClass: NativeClass:/Script/Engine.StaticMeshActor Name:StaticMeshActor_UAID_644ED7062270292402_1767602766 Label:Cylinder16 SpatiallyLoaded:1 Bounds:IsValid=true, Min=(X=1209.500 Y=2739.500 Z=149.500), Max=(X=1784.500 Y=2764.500 Z=174.500) RuntimeGrid:None EditorOnly:0 RuntimeOnly:0 HLODRelevant:1 ListedInSceneOutliner:1 IsMainWorldOnly:0
 |   |   |- Guid:EAEEB1BF4DD7EB9EC3F710BD1ED8F725 BaseClass: NativeClass:/Script/Engine.StaticMeshActor Name:StaticMeshActor_UAID_644ED7062270292402_1745003758 Label:Cube2 SpatiallyLoaded:1 Bounds:IsValid=true, Min=(X=1209.500 Y=782.875 Z=15.375), Max=(X=1784.500 Y=789.125 Z=146.625) RuntimeGrid:None EditorOnly:0 RuntimeOnly:0 HLODRelevant:1 ListedInSceneOutliner:1 IsMainWorldOnly:0
 |   |   |- Guid:EC4E0C944CE6AC6E784BC6BB2916EA13 BaseClass: NativeClass:/Script/Engine.StaticMeshActor Name:StaticMeshActor_UAID_A4AE111137DC5EFB00_1110535423 Label:SM_SkySphere SpatiallyLoaded:0 Bounds:IsValid=true, Min=(X=-1638400.000 Y=-1638400.000 Z=-1638400.000), Max=(X=1638400.000 Y=1638400.000 Z=1638400.000) RuntimeGrid:None EditorOnly:0 RuntimeOnly:0 HLODRelevant:1 ListedInSceneOutliner:1 IsMainWorldOnly:0 FolderPath:Lighting FolderGuid:963EC3EB4002CCE9759E2EBA541A873A
 |   |   |- Guid:F1924B8D48954B30891B2DB6A694F9CC BaseClass: NativeClass:/Script/Engine.StaticMeshActor Name:StaticMeshActor_1 Label:SM_Cube SpatiallyLoaded:1 Bounds:IsValid=true, Min=(X=0.000 Y=0.000 Z=-50.000), Max=(X=3000.000 Y=3500.000 Z=0.000) RuntimeGrid:None EditorOnly:0 RuntimeOnly:0 HLODRelevant:1 ListedInSceneOutliner:1 IsMainWorldOnly:0 FolderPath:Playground FolderGuid:C73F09FC4215536B1DCE2A9E0A830C70
 |   |   |- Guid:F55D90E44C3D60572B048687266A7C56 BaseClass: NativeClass:/Script/Engine.StaticMeshActor Name:StaticMeshActor_UAID_644ED7062270292402_1634221750 Label:Cylinder3 SpatiallyLoaded:1 Bounds:IsValid=true, Min=(X=1764.500 Y=921.500 Z=-3.000), Max=(X=1789.500 Y=946.500 Z=197.000) RuntimeGrid:None EditorOnly:0 RuntimeOnly:0 HLODRelevant:1 ListedInSceneOutliner:1 IsMainWorldOnly:0
 |   |   |- Guid:F5E3FEB3450C49844FD93DA8E083C8AD BaseClass: NativeClass:/Script/Engine.PostProcessVolume Name:PostProcessVolume_0 Label:PostProcessVolume SpatiallyLoaded:0 Bounds:IsValid=true, Min=(X=0.000 Y=0.000 Z=400.000), Max=(X=200.000 Y=200.000 Z=600.000) RuntimeGrid:None EditorOnly:0 RuntimeOnly:0 HLODRelevant:0 ListedInSceneOutliner:1 IsMainWorldOnly:0 FolderPath:Lighting FolderGuid:963EC3EB4002CCE9759E2EBA541A873A
 |   |   |- Guid:FF698C67459ADB4982D7759C0905EE9F BaseClass: NativeClass:/Script/Engine.StaticMeshActor Name:StaticMeshActor_6 Label:SM_Cube3 SpatiallyLoaded:1 Bounds:IsValid=true, Min=(X=0.000 Y=3400.000 Z=0.000), Max=(X=3000.000 Y=3500.000 Z=400.000) RuntimeGrid:None EditorOnly:0 RuntimeOnly:0 HLODRelevant:1 ListedInSceneOutliner:1 IsMainWorldOnly:0 FolderPath:Playground FolderGuid:C73F09FC4215536B1DCE2A9E0A830C70
 |   |- [+] Clusters:
 |   |   |- [+] [  0]
 |   |   |   |- Guid:15D3BC7249A7C3F6757A42A64864BBE0 BaseClass: NativeClass:/Script/Engine.StaticMeshActor Name:StaticMeshActor_UAID_644ED7062270292402_1767600763 Label:Cylinder13 SpatiallyLoaded:1 Bounds:IsValid=true, Min=(X=1209.500 Y=2605.500 Z=195.500), Max=(X=1784.500 Y=2630.500 Z=220.500) RuntimeGrid:None EditorOnly:0 RuntimeOnly:0 HLODRelevant:1 ListedInSceneOutliner:1 IsMainWorldOnly:0
 |   |   |- [+] [  1]
 |   |   |   |- Guid:2FB58999456391D349DC0F86DAC136ED BaseClass: NativeClass:/Script/Engine.SkyLight Name:SkyLight_1 Label:SkyLight SpatiallyLoaded:0 Bounds:IsValid=true, Min=(X=0.000 Y=0.000 Z=690.000), Max=(X=0.000 Y=0.000 Z=690.000) RuntimeGrid:None EditorOnly:0 RuntimeOnly:0 HLODRelevant:0 ListedInSceneOutliner:1 IsMainWorldOnly:0 FolderPath:Lighting FolderGuid:963EC3EB4002CCE9759E2EBA541A873A
 |   |   |- [+] [  2]
 |   |   |   |- Guid:316CF2A6494ACA4C0E4180A87D36AB8F BaseClass: NativeClass:/Script/Engine.ExponentialHeightFog Name:ExponentialHeightFog_0 Label:ExponentialHeightFog SpatiallyLoaded:0 Bounds:IsValid=true, Min=(X=-5600.000 Y=-50.000 Z=-6850.000), Max=(X=-5600.000 Y=-50.000 Z=-6850.000) RuntimeGrid:None EditorOnly:0 RuntimeOnly:0 HLODRelevant:0 ListedInSceneOutliner:1 IsMainWorldOnly:0 FolderPath:Lighting FolderGuid:963EC3EB4002CCE9759E2EBA541A873A
 |   |   |- [+] [  3]
 |   |   |   |- Guid:35538CC14DEA211721CE8C8A49A3CC17 BaseClass: NativeClass:/Script/Engine.Actor Name:Actor_UAID_644ED7062270292402_2098529769 Label:Actor2 SpatiallyLoaded:1 Bounds:IsValid=true, Min=(X=2779.000 Y=1176.000 Z=137.000), Max=(X=2779.000 Y=2660.375 Z=400.250) RuntimeGrid:None EditorOnly:0 RuntimeOnly:0 HLODRelevant:0 ListedInSceneOutliner:1 IsMainWorldOnly:0
 |   |   |- [+] [  4]
 |   |   |   |- Guid:3A00AA1C422CE54C0BDB60BAF471BFBB BaseClass: NativeClass:/Script/Engine.PlayerStart Name:PlayerStart_0 Label:PlayerStart SpatiallyLoaded:0 Bounds:IsValid=true, Min=(X=860.000 Y=1070.000 Z=0.013), Max=(X=940.000 Y=1150.000 Z=184.013) RuntimeGrid:None EditorOnly:0 RuntimeOnly:0 HLODRelevant:0 ListedInSceneOutliner:1 IsMainWorldOnly:0
 |   |   |- [+] [  5]
 |   |   |   |- Guid:3CC28FDB49EF311019870BA447A08236 BaseClass: NativeClass:/Script/Engine.TriggerBox Name:TriggerBox_UAID_644ED70622701A2402_1669761093 Label:TriggerBox SpatiallyLoaded:1 Bounds:IsValid=true, Min=(X=1234.500 Y=2617.000 Z=-3.000), Max=(X=1759.500 Y=2621.000 Z=197.000) RuntimeGrid:None EditorOnly:0 RuntimeOnly:0 HLODRelevant:0 ListedInSceneOutliner:1 IsMainWorldOnly:0
 |   |   |- [+] [  6]
 |   |   |   |- Guid:413CB9DF448F34F0BF2ADFB14E63AFCD BaseClass: NativeClass:/Script/Engine.StaticMeshActor Name:StaticMeshActor_UAID_644ED7062270292402_1767597760 Label:Cylinder10 SpatiallyLoaded:1 Bounds:IsValid=true, Min=(X=1209.500 Y=2605.500 Z=195.500), Max=(X=1784.500 Y=2630.500 Z=220.500) RuntimeGrid:None EditorOnly:0 RuntimeOnly:0 HLODRelevant:1 ListedInSceneOutliner:1 IsMainWorldOnly:0
 |   |   |- [+] [  7]
 |   |   |   |- Guid:43815E84492231AFC407F59E3C28176B BaseClass: NativeClass:/Script/Engine.StaticMeshActor Name:StaticMeshActor_4 Label:SM_Cube6 SpatiallyLoaded:1 Bounds:IsValid=true, Min=(X=2900.000 Y=100.000 Z=0.000), Max=(X=3000.000 Y=3400.000 Z=400.000) RuntimeGrid:None EditorOnly:0 RuntimeOnly:0 HLODRelevant:1 ListedInSceneOutliner:1 IsMainWorldOnly:0 FolderPath:Playground FolderGuid:C73F09FC4215536B1DCE2A9E0A830C70
 |   |   |- [+] [  8]
 |   |   |   |- Guid:47837E8C44A436D7DEBA0D9F504EDE2F BaseClass:/Game/Footballer/BP_Ball.BP_Ball_C NativeClass:/Script/Engine.Actor Name:BP_Ball_C_UAID_644ED70622708B2302_2059571921 Label:BP_Ball SpatiallyLoaded:1 Bounds:IsValid=true, Min=(X=937.500 Y=1487.500 Z=67.500), Max=(X=962.500 Y=1512.500 Z=92.500) RuntimeGrid:None EditorOnly:0 RuntimeOnly:0 HLODRelevant:0 ListedInSceneOutliner:1 IsMainWorldOnly:0
 |   |   |- [+] [  9]
 |   |   |   |- Guid:4D3BE93F4146AAAC8BBE79999D96D57F BaseClass: NativeClass:/Script/Engine.VolumetricCloud Name:VolumetricCloud_0 Label:VolumetricCloud SpatiallyLoaded:0 Bounds:IsValid=true, Min=(X=0.000 Y=0.000 Z=820.000), Max=(X=0.000 Y=0.000 Z=820.000) RuntimeGrid:None EditorOnly:0 RuntimeOnly:0 HLODRelevant:0 ListedInSceneOutliner:1 IsMainWorldOnly:0 FolderPath:Lighting FolderGuid:963EC3EB4002CCE9759E2EBA541A873A
 |   |   |- [+] [ 10]
 |   |   |   |- Guid:53F9AFBA48D943F41CB96F8A0AC49EA2 BaseClass: NativeClass:/Script/Engine.StaticMeshActor Name:StaticMeshActor_UAID_644ED7062270292402_1767604768 Label:Cube4 SpatiallyLoaded:1 Bounds:IsValid=true, Min=(X=1209.500 Y=2762.875 Z=15.375), Max=(X=1784.500 Y=2769.125 Z=146.625) RuntimeGrid:None EditorOnly:0 RuntimeOnly:0 HLODRelevant:1 ListedInSceneOutliner:1 IsMainWorldOnly:0
 |   |   |- [+] [ 11]
 |   |   |   |- Guid:5B97F4A64FB21F77EFC44386BF705B4C BaseClass: NativeClass:/Script/Engine.TextRenderActor Name:TextRenderActor_1 Label:TextRenderActor SpatiallyLoaded:1 Bounds:IsValid=true, Min=(X=-0.100 Y=1100.000 Z=65.013), Max=(X=-0.100 Y=2392.308 Z=215.013) RuntimeGrid:None EditorOnly:0 RuntimeOnly:0 HLODRelevant:0 ListedInSceneOutliner:1 IsMainWorldOnly:0
 |   |   |- [+] [ 12]
 |   |   |   |- Guid:60B510CB417D7C47D77F11AA44687F7A BaseClass: NativeClass:/Script/Engine.StaticMeshActor Name:StaticMeshActor_UAID_644ED7062270292402_1658096752 Label:Cylinder5 SpatiallyLoaded:1 Bounds:IsValid=true, Min=(X=1209.500 Y=921.500 Z=195.500), Max=(X=1784.500 Y=946.500 Z=220.500) RuntimeGrid:None EditorOnly:0 RuntimeOnly:0 HLODRelevant:1 ListedInSceneOutliner:1 IsMainWorldOnly:0
 |   |   |- [+] [ 13]
 |   |   |   |- Guid:66603B154A4B0A66B739A09F56001EE9 BaseClass: NativeClass:/Script/Engine.StaticMeshActor Name:StaticMeshActor_UAID_644ED7062270292402_1767594759 Label:Cylinder9 SpatiallyLoaded:1 Bounds:IsValid=true, Min=(X=1761.500 Y=2605.500 Z=-3.000), Max=(X=1786.500 Y=2630.500 Z=197.000) RuntimeGrid:None EditorOnly:0 RuntimeOnly:0 HLODRelevant:1 ListedInSceneOutliner:1 IsMainWorldOnly:0
 |   |   |- [+] [ 14]
 |   |   |   |- Guid:6BAF4DDD444C60371492D3919DB42C97 BaseClass: NativeClass:/Script/Engine.WorldDataLayers Name:WorldDataLayers Label:WorldDataLayers SpatiallyLoaded:0 Bounds:IsValid=true, Min=(X=0.000 Y=0.000 Z=0.000), Max=(X=0.000 Y=0.000 Z=0.000) RuntimeGrid:None EditorOnly:0 RuntimeOnly:0 HLODRelevant:0 ListedInSceneOutliner:1 IsMainWorldOnly:1
 |   |   |- [+] [ 15]
 |   |   |   |- Guid:784489784531602F4DD319B6C5FB4474 BaseClass: NativeClass:/Script/Engine.StaticMeshActor Name:StaticMeshActor_UAID_644ED7062270292402_1599759747 Label:Cylinder2 SpatiallyLoaded:1 Bounds:IsValid=true, Min=(X=1209.500 Y=921.500 Z=195.500), Max=(X=1784.500 Y=946.500 Z=220.500) RuntimeGrid:None EditorOnly:0 RuntimeOnly:0 HLODRelevant:1 ListedInSceneOutliner:1 IsMainWorldOnly:0
 |   |   |- [+] [ 16]
 |   |   |   |- Guid:7952CACC4D2F1EA70DCC0F9D45189520 BaseClass: NativeClass:/Script/Engine.StaticMeshActor Name:StaticMeshActor_UAID_644ED7062270292402_1767603767 Label:Cube3 SpatiallyLoaded:1 Bounds:IsValid=true, Min=(X=1209.500 Y=2625.264 Z=161.618), Max=(X=1784.500 Y=2750.736 Z=212.382) RuntimeGrid:None EditorOnly:0 RuntimeOnly:0 HLODRelevant:1 ListedInSceneOutliner:1 IsMainWorldOnly:0
 |   |   |- [+] [ 17]
 |   |   |   |- Guid:7B198B4D40F41182EF97D78BE34B57F9 BaseClass: NativeClass:/Script/Engine.StaticMeshActor Name:StaticMeshActor_UAID_644ED7062270292402_1767598761 Label:Cylinder11 SpatiallyLoaded:1 Bounds:IsValid=true, Min=(X=1204.500 Y=2605.500 Z=-3.000), Max=(X=1229.500 Y=2630.500 Z=197.000) RuntimeGrid:None EditorOnly:0 RuntimeOnly:0 HLODRelevant:1 ListedInSceneOutliner:1 IsMainWorldOnly:0
 |   |   |- [+] [ 18]
 |   |   |   |- Guid:8A9EDD1045D3E18BE2A7568D76414071 BaseClass: NativeClass:/Script/Engine.StaticMeshActor Name:StaticMeshActor_UAID_644ED7062270292402_1666735753 Label:Cylinder6 SpatiallyLoaded:1 Bounds:IsValid=true, Min=(X=1764.500 Y=787.500 Z=-49.000), Max=(X=1789.500 Y=812.500 Z=151.000) RuntimeGrid:None EditorOnly:0 RuntimeOnly:0 HLODRelevant:1 ListedInSceneOutliner:1 IsMainWorldOnly:0
 |   |   |- [+] [ 19]
 |   |   |   |- Guid:9BFF363746062F457E2F92A4631DBA20 BaseClass: NativeClass:/Script/Engine.StaticMeshActor Name:StaticMeshActor_11 Label:SM_ChamferCube3 SpatiallyLoaded:1 Bounds:IsValid=true, Min=(X=481.699 Y=2271.699 Z=0.013), Max=(X=618.301 Y=2408.301 Z=100.013) RuntimeGrid:None EditorOnly:0 RuntimeOnly:0 HLODRelevant:0 ListedInSceneOutliner:1 IsMainWorldOnly:0
 |   |   |- [+] [ 20]
 |   |   |   |- Guid:A422DD354AA0FFF61EE8F9BD6E1F6126 BaseClass: NativeClass:/Script/Engine.TriggerBox Name:TriggerBox_UAID_644ED70622701A2402_1708380094 Label:TriggerBox2 SpatiallyLoaded:1 Bounds:IsValid=true, Min=(X=1234.500 Y=935.000 Z=-3.000), Max=(X=1759.500 Y=939.000 Z=197.000) RuntimeGrid:None EditorOnly:0 RuntimeOnly:0 HLODRelevant:0 ListedInSceneOutliner:1 IsMainWorldOnly:0
 |   |   |- [+] [ 21]
 |   |   |   |- Guid:A56216954B2165CF0F35A886B537D536 BaseClass: NativeClass:/Script/Engine.StaticMeshActor Name:StaticMeshActor_0 Label:SM_Cube5 SpatiallyLoaded:1 Bounds:IsValid=true, Min=(X=-0.000 Y=100.000 Z=0.000), Max=(X=100.000 Y=3400.000 Z=400.000) RuntimeGrid:None EditorOnly:0 RuntimeOnly:0 HLODRelevant:1 ListedInSceneOutliner:1 IsMainWorldOnly:0 FolderPath:Playground FolderGuid:C73F09FC4215536B1DCE2A9E0A830C70
 |   |   |- [+] [ 22]
 |   |   |   |- Guid:AC1904E14830BC7F113EACB98B3A5B1F BaseClass: NativeClass:/Script/Engine.StaticMeshActor Name:StaticMeshActor_UAID_644ED7062270292402_1658094751 Label:Cylinder4 SpatiallyLoaded:1 Bounds:IsValid=true, Min=(X=1207.500 Y=921.500 Z=-3.000), Max=(X=1232.500 Y=946.500 Z=197.000) RuntimeGrid:None EditorOnly:0 RuntimeOnly:0 HLODRelevant:1 ListedInSceneOutliner:1 IsMainWorldOnly:0
 |   |   |- [+] [ 23]
 |   |   |   |- Guid:B6C72C324DA52C913CD3D0A5D57A228E BaseClass: NativeClass:/Script/Engine.StaticMeshActor Name:StaticMeshActor_UAID_644ED7062270292402_1666738755 Label:Cylinder8 SpatiallyLoaded:1 Bounds:IsValid=true, Min=(X=1209.500 Y=787.500 Z=149.500), Max=(X=1784.500 Y=812.500 Z=174.500) RuntimeGrid:None EditorOnly:0 RuntimeOnly:0 HLODRelevant:1 ListedInSceneOutliner:1 IsMainWorldOnly:0
 |   |   |- [+] [ 24]
 |   |   |   |- Guid:B785ED2844B84CFB91E7F39FE661CD99 BaseClass: NativeClass:/Script/Engine.DirectionalLight Name:DirectionalLight_0 Label:DirectionalLight SpatiallyLoaded:0 Bounds:IsValid=true, Min=(X=-1048576.000 Y=-1048576.000 Z=-1048576.000), Max=(X=1048576.000 Y=1048576.000 Z=1048576.000) RuntimeGrid:None EditorOnly:0 RuntimeOnly:0 HLODRelevant:0 ListedInSceneOutliner:1 IsMainWorldOnly:0 FolderPath:Lighting FolderGuid:963EC3EB4002CCE9759E2EBA541A873A
 |   |   |- [+] [ 25]
 |   |   |   |- Guid:BC08B79C4EA3C961CFF75EBBE83B367D BaseClass: NativeClass:/Script/Engine.StaticMeshActor Name:StaticMeshActor_5 Label:SM_Cube2 SpatiallyLoaded:1 Bounds:IsValid=true, Min=(X=0.000 Y=0.000 Z=0.000), Max=(X=3000.000 Y=100.000 Z=400.000) RuntimeGrid:None EditorOnly:0 RuntimeOnly:0 HLODRelevant:1 ListedInSceneOutliner:1 IsMainWorldOnly:0 FolderPath:Playground FolderGuid:C73F09FC4215536B1DCE2A9E0A830C70
 |   |   |- [+] [ 26]
 |   |   |   |- Guid:C011BE5E4615D9E813440C9D578924CB BaseClass: NativeClass:/Script/Engine.StaticMeshActor Name:StaticMeshActor_UAID_644ED7062270292402_1767601764 Label:Cylinder14 SpatiallyLoaded:1 Bounds:IsValid=true, Min=(X=1204.500 Y=2739.500 Z=-49.000), Max=(X=1229.500 Y=2764.500 Z=151.000) RuntimeGrid:None EditorOnly:0 RuntimeOnly:0 HLODRelevant:1 ListedInSceneOutliner:1 IsMainWorldOnly:0
 |   |   |- [+] [ 27]
 |   |   |   |- Guid:C09848914C619F0896DFF89B02369F89 BaseClass: NativeClass:/Script/Engine.StaticMeshActor Name:StaticMeshActor_UAID_644ED7062270292402_1767599762 Label:Cylinder12 SpatiallyLoaded:1 Bounds:IsValid=true, Min=(X=1761.500 Y=2605.500 Z=-3.000), Max=(X=1786.500 Y=2630.500 Z=197.000) RuntimeGrid:None EditorOnly:0 RuntimeOnly:0 HLODRelevant:1 ListedInSceneOutliner:1 IsMainWorldOnly:0
 |   |   |- [+] [ 28]
 |   |   |   |- Guid:CCFF262C46EEFFDF319E7F9539CE697E BaseClass: NativeClass:/Script/Engine.SkyAtmosphere Name:SkyAtmosphere_0 Label:SkyAtmosphere SpatiallyLoaded:0 Bounds:IsValid=true, Min=(X=0.000 Y=0.000 Z=1020.000), Max=(X=0.000 Y=0.000 Z=1020.000) RuntimeGrid:None EditorOnly:0 RuntimeOnly:0 HLODRelevant:0 ListedInSceneOutliner:1 IsMainWorldOnly:0 FolderPath:Lighting FolderGuid:963EC3EB4002CCE9759E2EBA541A873A
 |   |   |- [+] [ 29]
 |   |   |   |- Guid:D0B822BC43D6258C9C968393C99B63C9 BaseClass: NativeClass:/Script/Engine.StaticMeshActor Name:StaticMeshActor_UAID_644ED7062270292402_1691501757 Label:Cube SpatiallyLoaded:1 Bounds:IsValid=true, Min=(X=1209.500 Y=801.264 Z=161.618), Max=(X=1784.500 Y=926.736 Z=212.382) RuntimeGrid:None EditorOnly:0 RuntimeOnly:0 HLODRelevant:1 ListedInSceneOutliner:1 IsMainWorldOnly:0
 |   |   |- [+] [ 30]
 |   |   |   |- Guid:E2C7BC9F420C6CDB9F4250BE0DAF16F2 BaseClass: NativeClass:/Script/Engine.StaticMeshActor Name:StaticMeshActor_UAID_644ED7062270292402_1666737754 Label:Cylinder7 SpatiallyLoaded:1 Bounds:IsValid=true, Min=(X=1207.500 Y=787.500 Z=-49.000), Max=(X=1232.500 Y=812.500 Z=151.000) RuntimeGrid:None EditorOnly:0 RuntimeOnly:0 HLODRelevant:1 ListedInSceneOutliner:1 IsMainWorldOnly:0
 |   |   |- [+] [ 31]
 |   |   |   |- Guid:E4F1F85F49977CEEE8DC78BC5710608F BaseClass: NativeClass:/Script/Engine.StaticMeshActor Name:StaticMeshActor_UAID_644ED7062270292402_1767601765 Label:Cylinder15 SpatiallyLoaded:1 Bounds:IsValid=true, Min=(X=1761.500 Y=2739.500 Z=-49.000), Max=(X=1786.500 Y=2764.500 Z=151.000) RuntimeGrid:None EditorOnly:0 RuntimeOnly:0 HLODRelevant:1 ListedInSceneOutliner:1 IsMainWorldOnly:0
 |   |   |- [+] [ 32]
 |   |   |   |- Guid:E73B1ABE4691BC947936479E2E0E5B74 BaseClass: NativeClass:/Script/Engine.StaticMeshActor Name:StaticMeshActor_UAID_644ED7062270292402_1547688745 Label:Cylinder SpatiallyLoaded:1 Bounds:IsValid=true, Min=(X=1207.500 Y=921.500 Z=-3.000), Max=(X=1232.500 Y=946.500 Z=197.000) RuntimeGrid:None EditorOnly:0 RuntimeOnly:0 HLODRelevant:1 ListedInSceneOutliner:1 IsMainWorldOnly:0
 |   |   |- [+] [ 33]
 |   |   |   |- Guid:E887CE50482017069C512B8FC05937A6 BaseClass: NativeClass:/Script/Engine.StaticMeshActor Name:StaticMeshActor_UAID_644ED7062270292402_1767602766 Label:Cylinder16 SpatiallyLoaded:1 Bounds:IsValid=true, Min=(X=1209.500 Y=2739.500 Z=149.500), Max=(X=1784.500 Y=2764.500 Z=174.500) RuntimeGrid:None EditorOnly:0 RuntimeOnly:0 HLODRelevant:1 ListedInSceneOutliner:1 IsMainWorldOnly:0
 |   |   |- [+] [ 34]
 |   |   |   |- Guid:EAEEB1BF4DD7EB9EC3F710BD1ED8F725 BaseClass: NativeClass:/Script/Engine.StaticMeshActor Name:StaticMeshActor_UAID_644ED7062270292402_1745003758 Label:Cube2 SpatiallyLoaded:1 Bounds:IsValid=true, Min=(X=1209.500 Y=782.875 Z=15.375), Max=(X=1784.500 Y=789.125 Z=146.625) RuntimeGrid:None EditorOnly:0 RuntimeOnly:0 HLODRelevant:1 ListedInSceneOutliner:1 IsMainWorldOnly:0
 |   |   |- [+] [ 35]
 |   |   |   |- Guid:EC4E0C944CE6AC6E784BC6BB2916EA13 BaseClass: NativeClass:/Script/Engine.StaticMeshActor Name:StaticMeshActor_UAID_A4AE111137DC5EFB00_1110535423 Label:SM_SkySphere SpatiallyLoaded:0 Bounds:IsValid=true, Min=(X=-1638400.000 Y=-1638400.000 Z=-1638400.000), Max=(X=1638400.000 Y=1638400.000 Z=1638400.000) RuntimeGrid:None EditorOnly:0 RuntimeOnly:0 HLODRelevant:1 ListedInSceneOutliner:1 IsMainWorldOnly:0 FolderPath:Lighting FolderGuid:963EC3EB4002CCE9759E2EBA541A873A
 |   |   |- [+] [ 36]
 |   |   |   |- Guid:F1924B8D48954B30891B2DB6A694F9CC BaseClass: NativeClass:/Script/Engine.StaticMeshActor Name:StaticMeshActor_1 Label:SM_Cube SpatiallyLoaded:1 Bounds:IsValid=true, Min=(X=0.000 Y=0.000 Z=-50.000), Max=(X=3000.000 Y=3500.000 Z=0.000) RuntimeGrid:None EditorOnly:0 RuntimeOnly:0 HLODRelevant:1 ListedInSceneOutliner:1 IsMainWorldOnly:0 FolderPath:Playground FolderGuid:C73F09FC4215536B1DCE2A9E0A830C70
 |   |   |- [+] [ 37]
 |   |   |   |- Guid:F55D90E44C3D60572B048687266A7C56 BaseClass: NativeClass:/Script/Engine.StaticMeshActor Name:StaticMeshActor_UAID_644ED7062270292402_1634221750 Label:Cylinder3 SpatiallyLoaded:1 Bounds:IsValid=true, Min=(X=1764.500 Y=921.500 Z=-3.000), Max=(X=1789.500 Y=946.500 Z=197.000) RuntimeGrid:None EditorOnly:0 RuntimeOnly:0 HLODRelevant:1 ListedInSceneOutliner:1 IsMainWorldOnly:0
 |   |   |- [+] [ 38]
 |   |   |   |- Guid:F5E3FEB3450C49844FD93DA8E083C8AD BaseClass: NativeClass:/Script/Engine.PostProcessVolume Name:PostProcessVolume_0 Label:PostProcessVolume SpatiallyLoaded:0 Bounds:IsValid=true, Min=(X=0.000 Y=0.000 Z=400.000), Max=(X=200.000 Y=200.000 Z=600.000) RuntimeGrid:None EditorOnly:0 RuntimeOnly:0 HLODRelevant:0 ListedInSceneOutliner:1 IsMainWorldOnly:0 FolderPath:Lighting FolderGuid:963EC3EB4002CCE9759E2EBA541A873A
 |   |   |- [+] [ 39]
 |   |   |   |- Guid:FF698C67459ADB4982D7759C0905EE9F BaseClass: NativeClass:/Script/Engine.StaticMeshActor Name:StaticMeshActor_6 Label:SM_Cube3 SpatiallyLoaded:1 Bounds:IsValid=true, Min=(X=0.000 Y=3400.000 Z=0.000), Max=(X=3000.000 Y=3500.000 Z=400.000) RuntimeGrid:None EditorOnly:0 RuntimeOnly:0 HLODRelevant:1 ListedInSceneOutliner:1 IsMainWorldOnly:0 FolderPath:Playground FolderGuid:C73F09FC4215536B1DCE2A9E0A830C70
 |- ContainerInstances:
 |- [+] MainContainer:
 |   |-        ID: 00000000000000000000000000000000
 |   |-  ParentID: 00000000000000000000000000000000
 |   |-    Bounds: IsValid=false, Min=(X=0.000 Y=0.000 Z=0.000), Max=(X=0.000 Y=0.000 Z=0.000)
 |   |- Transform: 0.000000,0.000000,0.000000|0.000000,0.000000,-0.000000|1.000000,1.000000,1.000000
 |   |- Container: /Game/ThirdPerson/Maps/ThirdPersonMap
----------------------------------------------------------------------------------------------------------------
ThirdPersonMap - Persistent Level
----------------------------------------------------------------------------------------------------------------
[+] Content of ThirdPersonMap Persistent Level
 |- Always loaded Actor Count: 40 
 |- Actor Path: /Game/ThirdPerson/Maps/ThirdPersonMap.ThirdPersonMap:PersistentLevel.Actor_UAID_644ED7062270292402_2098529769
 |- Actor Package: /Game/__ExternalActors__/ThirdPerson/Maps/ThirdPersonMap/6/MK/DW69CMESMABN3XSUE5KNJ2
 |- Actor Path: /Game/ThirdPerson/Maps/ThirdPersonMap.ThirdPersonMap:PersistentLevel.BP_Ball_C_UAID_644ED70622708B2302_2059571921
 |- Actor Package: /Game/__ExternalActors__/ThirdPerson/Maps/ThirdPersonMap/8/FJ/LD2TXW1WZRY3637A4NKG69
 |- Actor Path: /Game/ThirdPerson/Maps/ThirdPersonMap.ThirdPersonMap:PersistentLevel.DirectionalLight_0
 |- Actor Package: /Game/__ExternalActors__/ThirdPerson/Maps/ThirdPersonMap/5/R1/TS5OQ5CRUWFZYL1ZQ7I416
 |- Actor Path: /Game/ThirdPerson/Maps/ThirdPersonMap.ThirdPersonMap:PersistentLevel.ExponentialHeightFog_0
 |- Actor Package: /Game/__ExternalActors__/ThirdPerson/Maps/ThirdPersonMap/6/J7/N10XDC9G27EMLS5AGZ6AVV
 |- Actor Path: /Game/ThirdPerson/Maps/ThirdPersonMap.ThirdPersonMap:PersistentLevel.PlayerStart_0
 |- Actor Package: /Game/__ExternalActors__/ThirdPerson/Maps/ThirdPersonMap/D/DE/SWSI13675DVYIZ0N4NF7Y3
 |- Actor Path: /Game/ThirdPerson/Maps/ThirdPersonMap.ThirdPersonMap:PersistentLevel.PostProcessVolume_0
 |- Actor Package: /Game/__ExternalActors__/ThirdPerson/Maps/ThirdPersonMap/1/AZ/A7GPT109Y6ZTTJD4A7TXER
 |- Actor Path: /Game/ThirdPerson/Maps/ThirdPersonMap.ThirdPersonMap:PersistentLevel.SkyAtmosphere_0
 |- Actor Package: /Game/__ExternalActors__/ThirdPerson/Maps/ThirdPersonMap/4/LN/30UBDLYFFA5ZR7U4W4L4GG
 |- Actor Path: /Game/ThirdPerson/Maps/ThirdPersonMap.ThirdPersonMap:PersistentLevel.SkyLight_1
 |- Actor Package: /Game/__ExternalActors__/ThirdPerson/Maps/ThirdPersonMap/8/S1/DXUWD12MD3HRWVVXX076BY
 |- Actor Path: /Game/ThirdPerson/Maps/ThirdPersonMap.ThirdPersonMap:PersistentLevel.StaticMeshActor_0
 |- Actor Package: /Game/__ExternalActors__/ThirdPerson/Maps/ThirdPersonMap/A/MS/MRHJREJ6H7USQYWF1KO8F6
 |- Actor Path: /Game/ThirdPerson/Maps/ThirdPersonMap.ThirdPersonMap:PersistentLevel.StaticMeshActor_1
 |- Actor Package: /Game/__ExternalActors__/ThirdPerson/Maps/ThirdPersonMap/6/YO/NG2R9BPZVA7ZDN0Z4VSTG6
 |- Actor Path: /Game/ThirdPerson/Maps/ThirdPersonMap.ThirdPersonMap:PersistentLevel.StaticMeshActor_11
 |- Actor Package: /Game/__ExternalActors__/ThirdPerson/Maps/ThirdPersonMap/5/7E/BEYC27T14FHBU6LF2F60RR
 |- Actor Path: /Game/ThirdPerson/Maps/ThirdPersonMap.ThirdPersonMap:PersistentLevel.StaticMeshActor_4
 |- Actor Package: /Game/__ExternalActors__/ThirdPerson/Maps/ThirdPersonMap/5/9Q/U98KGKQ41NJYFOGFQM8ZDY
 |- Actor Path: /Game/ThirdPerson/Maps/ThirdPersonMap.ThirdPersonMap:PersistentLevel.StaticMeshActor_5
 |- Actor Package: /Game/__ExternalActors__/ThirdPerson/Maps/ThirdPersonMap/C/QF/BY1DA5CRGQSAMOTK8RA8KR
 |- Actor Path: /Game/ThirdPerson/Maps/ThirdPersonMap.ThirdPersonMap:PersistentLevel.StaticMeshActor_6
 |- Actor Package: /Game/__ExternalActors__/ThirdPerson/Maps/ThirdPersonMap/D/0G/JNKFA4X9LRMSF343ESPF6Q
 |- Actor Path: /Game/ThirdPerson/Maps/ThirdPersonMap.ThirdPersonMap:PersistentLevel.StaticMeshActor_UAID_644ED7062270292402_1547688745
 |- Actor Package: /Game/__ExternalActors__/ThirdPerson/Maps/ThirdPersonMap/7/LC/LQL8L34RWL4U01FHSIXTW3
 |- Actor Path: /Game/ThirdPerson/Maps/ThirdPersonMap.ThirdPersonMap:PersistentLevel.StaticMeshActor_UAID_644ED7062270292402_1599759747
 |- Actor Package: /Game/__ExternalActors__/ThirdPerson/Maps/ThirdPersonMap/2/SO/ATVW8L3S7LQLNVGA6F5B95
 |- Actor Path: /Game/ThirdPerson/Maps/ThirdPersonMap.ThirdPersonMap:PersistentLevel.StaticMeshActor_UAID_644ED7062270292402_1634221750
 |- Actor Package: /Game/__ExternalActors__/ThirdPerson/Maps/ThirdPersonMap/6/E1/P2KPTW86J5FSB1HJGMA8BH
 |- Actor Path: /Game/ThirdPerson/Maps/ThirdPersonMap.ThirdPersonMap:PersistentLevel.StaticMeshActor_UAID_644ED7062270292402_1658094751
 |- Actor Package: /Game/__ExternalActors__/ThirdPerson/Maps/ThirdPersonMap/E/SR/12YDFCB0ON3DMPF0K6PAIT
 |- Actor Path: /Game/ThirdPerson/Maps/ThirdPersonMap.ThirdPersonMap:PersistentLevel.StaticMeshActor_UAID_644ED7062270292402_1658096752
 |- Actor Package: /Game/__ExternalActors__/ThirdPerson/Maps/ThirdPersonMap/0/1K/811F47TBXRKLG98GHQHCB4
 |- Actor Path: /Game/ThirdPerson/Maps/ThirdPersonMap.ThirdPersonMap:PersistentLevel.StaticMeshActor_UAID_644ED7062270292402_1666735753
 |- Actor Package: /Game/__ExternalActors__/ThirdPerson/Maps/ThirdPersonMap/A/H2/LPYTIFZ3PBT4JXA0DGVJXY
 |- Actor Path: /Game/ThirdPerson/Maps/ThirdPersonMap.ThirdPersonMap:PersistentLevel.StaticMeshActor_UAID_644ED7062270292402_1666737754
 |- Actor Package: /Game/__ExternalActors__/ThirdPerson/Maps/ThirdPersonMap/6/G8/N74QU9L6K20TFG8L505JFG
 |- Actor Path: /Game/ThirdPerson/Maps/ThirdPersonMap.ThirdPersonMap:PersistentLevel.StaticMeshActor_UAID_644ED7062270292402_1666738755
 |- Actor Package: /Game/__ExternalActors__/ThirdPerson/Maps/ThirdPersonMap/B/WJ/1MZMOQDOR0EOHLTUIR85CV
 |- Actor Path: /Game/ThirdPerson/Maps/ThirdPersonMap.ThirdPersonMap:PersistentLevel.StaticMeshActor_UAID_644ED7062270292402_1691501757
 |- Actor Package: /Game/__ExternalActors__/ThirdPerson/Maps/ThirdPersonMap/D/ND/ETH6HZT2HZG15XXM3FWELQ
 |- Actor Path: /Game/ThirdPerson/Maps/ThirdPersonMap.ThirdPersonMap:PersistentLevel.StaticMeshActor_UAID_644ED7062270292402_1745003758
 |- Actor Package: /Game/__ExternalActors__/ThirdPerson/Maps/ThirdPersonMap/3/OV/UT3WB4I2QLQUOZO145DI8S
 |- Actor Path: /Game/ThirdPerson/Maps/ThirdPersonMap.ThirdPersonMap:PersistentLevel.StaticMeshActor_UAID_644ED7062270292402_1767594759
 |- Actor Package: /Game/__ExternalActors__/ThirdPerson/Maps/ThirdPersonMap/0/1C/JWRN1K5FE8FFFDWR02GBYQ
 |- Actor Path: /Game/ThirdPerson/Maps/ThirdPersonMap.ThirdPersonMap:PersistentLevel.StaticMeshActor_UAID_644ED7062270292402_1767597760
 |- Actor Package: /Game/__ExternalActors__/ThirdPerson/Maps/ThirdPersonMap/4/SA/RK6K70AVH3B6S54UU9WG67
 |- Actor Path: /Game/ThirdPerson/Maps/ThirdPersonMap.ThirdPersonMap:PersistentLevel.StaticMeshActor_UAID_644ED7062270292402_1767598761
 |- Actor Package: /Game/__ExternalActors__/ThirdPerson/Maps/ThirdPersonMap/9/57/A89JB9LBQLHPLWDR9ZCULM
 |- Actor Path: /Game/ThirdPerson/Maps/ThirdPersonMap.ThirdPersonMap:PersistentLevel.StaticMeshActor_UAID_644ED7062270292402_1767599762
 |- Actor Package: /Game/__ExternalActors__/ThirdPerson/Maps/ThirdPersonMap/0/RX/M0IF7D4FVWDIZPZYOSREA5
 |- Actor Path: /Game/ThirdPerson/Maps/ThirdPersonMap.ThirdPersonMap:PersistentLevel.StaticMeshActor_UAID_644ED7062270292402_1767600763
 |- Actor Package: /Game/__ExternalActors__/ThirdPerson/Maps/ThirdPersonMap/7/OQ/IMMVJZ4XTHBJQCRG10V9EI
 |- Actor Path: /Game/ThirdPerson/Maps/ThirdPersonMap.ThirdPersonMap:PersistentLevel.StaticMeshActor_UAID_644ED7062270292402_1767601764
 |- Actor Package: /Game/__ExternalActors__/ThirdPerson/Maps/ThirdPersonMap/3/J6/KW7V427N1NNFXLT39NQMLS
 |- Actor Path: /Game/ThirdPerson/Maps/ThirdPersonMap.ThirdPersonMap:PersistentLevel.StaticMeshActor_UAID_644ED7062270292402_1767601765
 |- Actor Package: /Game/__ExternalActors__/ThirdPerson/Maps/ThirdPersonMap/1/J8/ZVSQV2B9FXOO86RN5MFL0U
 |- Actor Path: /Game/ThirdPerson/Maps/ThirdPersonMap.ThirdPersonMap:PersistentLevel.StaticMeshActor_UAID_644ED7062270292402_1767602766
 |- Actor Package: /Game/__ExternalActors__/ThirdPerson/Maps/ThirdPersonMap/D/T4/CNXU7YLL117O2YFTFS5W8R
 |- Actor Path: /Game/ThirdPerson/Maps/ThirdPersonMap.ThirdPersonMap:PersistentLevel.StaticMeshActor_UAID_644ED7062270292402_1767603767
 |- Actor Package: /Game/__ExternalActors__/ThirdPerson/Maps/ThirdPersonMap/7/G0/8CQKWMMUZTAGTA9B8O6DBM
 |- Actor Path: /Game/ThirdPerson/Maps/ThirdPersonMap.ThirdPersonMap:PersistentLevel.StaticMeshActor_UAID_644ED7062270292402_1767604768
 |- Actor Package: /Game/__ExternalActors__/ThirdPerson/Maps/ThirdPersonMap/B/LZ/71LI9S8J7SVLMPU3KYUUNY
 |- Actor Path: /Game/ThirdPerson/Maps/ThirdPersonMap.ThirdPersonMap:PersistentLevel.StaticMeshActor_UAID_A4AE111137DC5EFB00_1110535423
 |- Actor Package: /Game/__ExternalActors__/ThirdPerson/Maps/ThirdPersonMap/4/PN/2QISIGK5DJNQ05US8O8FXW
 |- Actor Path: /Game/ThirdPerson/Maps/ThirdPersonMap.ThirdPersonMap:PersistentLevel.TextRenderActor_1
 |- Actor Package: /Game/__ExternalActors__/ThirdPerson/Maps/ThirdPersonMap/1/WU/NB37RT5Q32Z8MJWD8BD2SO
 |- Actor Path: /Game/ThirdPerson/Maps/ThirdPersonMap.ThirdPersonMap:PersistentLevel.TriggerBox_UAID_644ED70622701A2402_1669761093
 |- Actor Package: /Game/__ExternalActors__/ThirdPerson/Maps/ThirdPersonMap/3/06/A7HXCZTNWKAWBPKQFCQP0L
 |- Actor Path: /Game/ThirdPerson/Maps/ThirdPersonMap.ThirdPersonMap:PersistentLevel.TriggerBox_UAID_644ED70622701A2402_1708380094
 |- Actor Package: /Game/__ExternalActors__/ThirdPerson/Maps/ThirdPersonMap/3/RV/RNL84ILDFZJ9DZTJD1DQGD
 |- Actor Path: /Game/ThirdPerson/Maps/ThirdPersonMap.ThirdPersonMap:PersistentLevel.VolumetricCloud_0
 |- Actor Package: /Game/__ExternalActors__/ThirdPerson/Maps/ThirdPersonMap/3/EY/87SHEJN5UBEAN2K5OV1G6R
 |- Actor Path: /Game/ThirdPerson/Maps/ThirdPersonMap.ThirdPersonMap:PersistentLevel.WorldDataLayers
 |- Actor Package: /Game/__ExternalActors__/ThirdPerson/Maps/ThirdPersonMap/0/43/HYQWORMY4JDQ5X3OKZXFLC

----------------------------------------------------------------------------------------------------------------
ThirdPersonMap - Runtime Hash Set
----------------------------------------------------------------------------------------------------------------

